Using pre-set license
Built from '2020.3/staging' branch; Version is '2020.3.5f1 (8095aa901b9b) revision 8426922'; Using compiler version '192528614'; Build Type 'Release'
OS: 'Windows 10 Pro; OS build 19041.928; Version 2004; 64bit' Language: 'ru' Physical Memory: 16330 MB
BatchMode: 1, IsHumanControllingUs: 0, StartBugReporterOnCrash: 0, Is64bit: 1, IsPro: 0

 COMMAND LINE ARGUMENTS:
C:\Program Files\Unity\Hub\Editor\2020.3.5f1\Editor\Unity.exe
-adb2
-batchMode
-noUpm
-name
AssetImportWorker0
-projectPath
C:/Users/HitWa/Documents/GitHub/olomlho
-logFile
Logs/AssetImportWorker0.log
-srvPort
53709
Successfully changed project path to: C:/Users/HitWa/Documents/GitHub/olomlho
C:/Users/HitWa/Documents/GitHub/olomlho
Using Asset Import Pipeline V2.
Refreshing native plugins compatible for Editor in 122.26 ms, found 1 plugins.
Preloading 0 native plugins for Editor in 0.00 ms.
Initialize engine version: 2020.3.5f1 (8095aa901b9b)
[Subsystems] Discovering subsystems at path C:/Program Files/Unity/Hub/Editor/2020.3.5f1/Editor/Data/Resources/UnitySubsystems
[Subsystems] Discovering subsystems at path C:/Users/HitWa/Documents/GitHub/olomlho/Assets
GfxDevice: creating device client; threaded=0
Direct3D:
    Version:  Direct3D 11.0 [level 11.1]
    Renderer: NVIDIA GeForce GTX 1650 SUPER (ID=0x2187)
    Vendor:   
    VRAM:     3955 MB
    Driver:   27.21.14.5751
Initialize mono
Mono path[0] = 'C:/Program Files/Unity/Hub/Editor/2020.3.5f1/Editor/Data/Managed'
Mono path[1] = 'C:/Program Files/Unity/Hub/Editor/2020.3.5f1/Editor/Data/MonoBleedingEdge/lib/mono/unityjit'
Mono config path = 'C:/Program Files/Unity/Hub/Editor/2020.3.5f1/Editor/Data/MonoBleedingEdge/etc'
Using monoOptions --debugger-agent=transport=dt_socket,embedding=1,server=y,suspend=n,address=127.0.0.1:56472
Begin MonoManager ReloadAssembly
Registering precompiled unity dll's ...
Register platform support module: C:/Program Files/Unity/Hub/Editor/2020.3.5f1/Editor/Data/PlaybackEngines/WindowsStandaloneSupport/UnityEditor.WindowsStandalone.Extensions.dll
Registered in 0.003716 seconds.
Native extension for WindowsStandalone target not found
Refreshing native plugins compatible for Editor in 49.27 ms, found 1 plugins.
Preloading 0 native plugins for Editor in 0.00 ms.
Mono: successfully reloaded assembly
- Completed reload, in  2.252 seconds
Platform modules already initialized, skipping
Registering precompiled user dll's ...
Registered in 0.001367 seconds.
Begin MonoManager ReloadAssembly
Native extension for WindowsStandalone target not found
Refreshing native plugins compatible for Editor in 52.44 ms, found 1 plugins.
Preloading 0 native plugins for Editor in 0.00 ms.
Mono: successfully reloaded assembly
- Completed reload, in  1.458 seconds
Platform modules already initialized, skipping
========================================================================
Worker process is ready to serve import requests
Launched and connected shader compiler UnityShaderCompiler.exe after 0.35 seconds
Refreshing native plugins compatible for Editor in 0.46 ms, found 1 plugins.
Preloading 0 native plugins for Editor in 0.00 ms.
Unloading 1975 Unused Serialized files (Serialized files now loaded: 0)
System memory in use before: 94.5 MB.
System memory in use after: 94.6 MB.

Unloading 19 unused Assets to reduce memory usage. Loaded Objects now: 2426.
Total: 2.959900 ms (FindLiveObjects: 0.278600 ms CreateObjectMapping: 0.074300 ms MarkObjects: 2.504800 ms  DeleteObjects: 0.100700 ms)

========================================================================
Received Import Request.
  path: Assets/Scenes
  artifactKey: Guid(3026846b27a565c42a62bc1f7c55f781) Importer(815301076,1909f56bfc062723c751e8b465ee728b)
Start importing Assets/Scenes using Guid(3026846b27a565c42a62bc1f7c55f781) Importer(815301076,1909f56bfc062723c751e8b465ee728b)  -> (artifact id: '4cd159902a39ada241df4441009f0ca2') in 0.006299 seconds
  Import took 0.010404 seconds .

========================================================================
Received Import Request.
  Time since last request: 103.973738 seconds.
  path: Assets/sprite/21.png
  artifactKey: Guid(4715f8b53b9c8c0479089ea1786e1134) Importer(815301076,1909f56bfc062723c751e8b465ee728b)
Start importing Assets/sprite/21.png using Guid(4715f8b53b9c8c0479089ea1786e1134) Importer(815301076,1909f56bfc062723c751e8b465ee728b)  -> (artifact id: 'f7f03f0446214367c6c2a673a90850b6') in 0.283785 seconds
  Import took 0.288417 seconds .

========================================================================
Received Import Request.
  Time since last request: 0.000258 seconds.
  path: Assets/sprite/qweee.tga
  artifactKey: Guid(964b7052d8f994c44a38415b22dbb49f) Importer(815301076,1909f56bfc062723c751e8b465ee728b)
Start importing Assets/sprite/qweee.tga using Guid(964b7052d8f994c44a38415b22dbb49f) Importer(815301076,1909f56bfc062723c751e8b465ee728b)  -> (artifact id: 'd2803f8d72269b7d75c7744b0585c4f0') in 0.033762 seconds
  Import took 0.037630 seconds .

========================================================================
Received Import Request.
  Time since last request: 0.000213 seconds.
  path: Assets/sprite/_ow.png
  artifactKey: Guid(892561a94e2dcce4b8838e99d95d402b) Importer(815301076,1909f56bfc062723c751e8b465ee728b)
Start importing Assets/sprite/_ow.png using Guid(892561a94e2dcce4b8838e99d95d402b) Importer(815301076,1909f56bfc062723c751e8b465ee728b)  -> (artifact id: '46a20fc2dd7091dc122cedfde0aa7e70') in 0.017999 seconds
  Import took 0.021712 seconds .

========================================================================
Received Import Request.
  Time since last request: 0.000223 seconds.
  path: Assets/sprite/_word.png
  artifactKey: Guid(5a36da3aacac1b346ae612b8d0fa0c36) Importer(815301076,1909f56bfc062723c751e8b465ee728b)
Start importing Assets/sprite/_word.png using Guid(5a36da3aacac1b346ae612b8d0fa0c36) Importer(815301076,1909f56bfc062723c751e8b465ee728b)  -> (artifact id: '6d144a5f61ed37d989ce08a20a28e840') in 0.017392 seconds
  Import took 0.021276 seconds .

========================================================================
Received Import Request.
  Time since last request: 0.000177 seconds.
  path: Assets/sprite/backbutton.png
  artifactKey: Guid(91c79bf0046f5b7489a000fe02d466fc) Importer(815301076,1909f56bfc062723c751e8b465ee728b)
Start importing Assets/sprite/backbutton.png using Guid(91c79bf0046f5b7489a000fe02d466fc) Importer(815301076,1909f56bfc062723c751e8b465ee728b)  -> (artifact id: '3a8f81afc41aae5426dee7e5de506ab7') in 0.028713 seconds
  Import took 0.036687 seconds .

========================================================================
Received Import Request.
  Time since last request: 0.000191 seconds.
  path: Assets/sprite/texures.png
  artifactKey: Guid(6018c854db6c6134fbeed5ceb608f67e) Importer(815301076,1909f56bfc062723c751e8b465ee728b)
Start importing Assets/sprite/texures.png using Guid(6018c854db6c6134fbeed5ceb608f67e) Importer(815301076,1909f56bfc062723c751e8b465ee728b)  -> (artifact id: '51f17e72fc298104c0d41a6a02bc1f64') in 0.044240 seconds
  Import took 0.047548 seconds .

========================================================================
Received Import Request.
  Time since last request: 0.000187 seconds.
  path: Assets/sprite/Jump.png
  artifactKey: Guid(9c00a3dd2452eab4593d50f20b26ea27) Importer(815301076,1909f56bfc062723c751e8b465ee728b)
Start importing Assets/sprite/Jump.png using Guid(9c00a3dd2452eab4593d50f20b26ea27) Importer(815301076,1909f56bfc062723c751e8b465ee728b)  -> (artifact id: 'c65c27eabae90e959118e4cedb607a43') in 0.054539 seconds
  Import took 0.057741 seconds .

========================================================================
Received Import Request.
  Time since last request: 0.000181 seconds.
  path: Assets/sprite/Sprite-1.png
  artifactKey: Guid(68ba716aa64d63240874cfc4bf851ff4) Importer(815301076,1909f56bfc062723c751e8b465ee728b)
Start importing Assets/sprite/Sprite-1.png using Guid(68ba716aa64d63240874cfc4bf851ff4) Importer(815301076,1909f56bfc062723c751e8b465ee728b)  -> (artifact id: '7a1d0dbbaa1a884fce19e273c19be90b') in 0.026334 seconds
  Import took 0.029605 seconds .

========================================================================
Received Import Request.
  Time since last request: 0.000171 seconds.
  path: Assets/sprite/блоки зеленые орто сир киэнэ 1.png
  artifactKey: Guid(82fd349fda74a3a48a36fc9a5e9ad508) Importer(815301076,1909f56bfc062723c751e8b465ee728b)
Start importing Assets/sprite/блоки зеленые орто сир киэнэ 1.png using Guid(82fd349fda74a3a48a36fc9a5e9ad508) Importer(815301076,1909f56bfc062723c751e8b465ee728b)  -> (artifact id: '4bb787f3749f9c60a5e5065cbe4f82f2') in 0.044139 seconds
  Import took 0.047230 seconds .

========================================================================
Received Import Request.
  Time since last request: 0.000158 seconds.
  path: Assets/sprite/nb_bare_idle.png
  artifactKey: Guid(0006d42b33bc25a4dbfdefa1d97740fd) Importer(815301076,1909f56bfc062723c751e8b465ee728b)
Start importing Assets/sprite/nb_bare_idle.png using Guid(0006d42b33bc25a4dbfdefa1d97740fd) Importer(815301076,1909f56bfc062723c751e8b465ee728b)  -> (artifact id: '0eff826bf761d21456c92d0f050c1c84') in 0.027292 seconds
  Import took 0.045404 seconds .

========================================================================
Received Import Request.
  Time since last request: 0.000222 seconds.
  path: Assets/sprite/_pPlayer.png
  artifactKey: Guid(cb88f7c94779da044b27231ee4b06373) Importer(815301076,1909f56bfc062723c751e8b465ee728b)
Start importing Assets/sprite/_pPlayer.png using Guid(cb88f7c94779da044b27231ee4b06373) Importer(815301076,1909f56bfc062723c751e8b465ee728b)  -> (artifact id: 'd288833d61cc2c97ffdf010918bf4bba') in 0.033885 seconds
  Import took 0.037663 seconds .

========================================================================
Received Import Request.
  Time since last request: 0.000181 seconds.
  path: Assets/sprite/nb_nk_walk.png
  artifactKey: Guid(a11882e5712897e4cb61b29236d21007) Importer(815301076,1909f56bfc062723c751e8b465ee728b)
Start importing Assets/sprite/nb_nk_walk.png using Guid(a11882e5712897e4cb61b29236d21007) Importer(815301076,1909f56bfc062723c751e8b465ee728b)  -> (artifact id: 'aab435e5fe08bf44ec05a792a24f8f8c') in 0.046329 seconds
  Import took 0.049446 seconds .

========================================================================
Received Import Request.
  Time since last request: 0.000212 seconds.
  path: Assets/sprite/_lock.png
  artifactKey: Guid(e0f151b20b0f24d418d76674ed6054a4) Importer(815301076,1909f56bfc062723c751e8b465ee728b)
Start importing Assets/sprite/_lock.png using Guid(e0f151b20b0f24d418d76674ed6054a4) Importer(815301076,1909f56bfc062723c751e8b465ee728b)  -> (artifact id: '99da58f1e9be1b98f50da0b4183a03a1') in 0.089762 seconds
  Import took 0.093001 seconds .

========================================================================
Received Import Request.
  Time since last request: 0.000166 seconds.
  path: Assets/sprite/Ад фон 1.psd
  artifactKey: Guid(335bc591f4163b04b8af05ec28de90f2) Importer(815301076,1909f56bfc062723c751e8b465ee728b)
Start importing Assets/sprite/Ад фон 1.psd using Guid(335bc591f4163b04b8af05ec28de90f2) Importer(815301076,1909f56bfc062723c751e8b465ee728b)  -> (artifact id: 'b7206bf9b7834766f200394b912e316b') in 0.013735 seconds
  Import took 0.017165 seconds .

========================================================================
Received Import Request.
  Time since last request: 0.000164 seconds.
  path: Assets/sprite/Без имени-1.png
  artifactKey: Guid(9f879ac932935ad4587424c279702a85) Importer(815301076,1909f56bfc062723c751e8b465ee728b)
Start importing Assets/sprite/Без имени-1.png using Guid(9f879ac932935ad4587424c279702a85) Importer(815301076,1909f56bfc062723c751e8b465ee728b)  -> (artifact id: 'f525a641f50782e5e99459099d4597c0') in 0.036168 seconds
  Import took 0.039455 seconds .

========================================================================
Received Import Request.
  Time since last request: 0.000184 seconds.
  path: Assets/sprite/kisspng-character-personnage-de-jeu-vido-pixel-character-sprite-5b4d5ac9a35519.100113481531796169669.png
  artifactKey: Guid(bf30ec2ed75fee04b8af2ded8261d0c8) Importer(815301076,1909f56bfc062723c751e8b465ee728b)
Start importing Assets/sprite/kisspng-character-personnage-de-jeu-vido-pixel-character-sprite-5b4d5ac9a35519.100113481531796169669.png using Guid(bf30ec2ed75fee04b8af2ded8261d0c8) Importer(815301076,1909f56bfc062723c751e8b465ee728b)  -> (artifact id: '18da0c7c2b589b5f1b004f30f8757e57') in 0.149877 seconds
  Import took 0.153239 seconds .

========================================================================
Received Import Request.
  Time since last request: 0.000154 seconds.
  path: Assets/sprite/ikon.png
  artifactKey: Guid(2abf0b131581a914389d77b1004a0c40) Importer(815301076,1909f56bfc062723c751e8b465ee728b)
Start importing Assets/sprite/ikon.png using Guid(2abf0b131581a914389d77b1004a0c40) Importer(815301076,1909f56bfc062723c751e8b465ee728b)  -> (artifact id: 'e347ac3bae13eef054192ca8c6245342') in 0.019727 seconds
  Import took 0.022864 seconds .

========================================================================
Received Import Request.
  Time since last request: 0.004000 seconds.
  path: Assets/sprite/ikon.png
  artifactKey: Guid(2abf0b131581a914389d77b1004a0c40) Importer(815301076,1909f56bfc062723c751e8b465ee728b)
Start importing Assets/sprite/ikon.png using Guid(2abf0b131581a914389d77b1004a0c40) Importer(815301076,1909f56bfc062723c751e8b465ee728b)  -> (artifact id: 'e347ac3bae13eef054192ca8c6245342') in 0.013064 seconds
  Import took 0.016791 seconds .

