
=== Tue Oct 13 18:02:19 2020

Packages were changed.
Update Mode: updateDependencies

The following packages were updated:
  com.unity.2d.animation from version 3.2.4 to 3.2.5
  com.unity.2d.psdimporter from version 2.1.5 to 2.1.6
  com.unity.2d.spriteshape from version 3.0.13 to 3.0.14

=== Sun Nov  8 19:58:06 2020

Packages were changed.
Update Mode: updateDependencies

The following packages were added:
  com.unity.ide.visualstudio@2.0.2
The following packages were updated:
  com.unity.2d.animation from version 3.2.5 to 4.2.5
  com.unity.2d.pixel-perfect from version 2.0.4 to 3.0.2
  com.unity.2d.psdimporter from version 2.1.6 to 3.1.5
  com.unity.2d.spriteshape from version 3.0.14 to 4.1.3
  com.unity.collab-proxy from version 1.2.16 to 1.3.9
  com.unity.ide.rider from version 1.1.4 to 1.2.1
  com.unity.textmeshpro from version 2.1.1 to 3.0.1

=== Sun Nov 22 20:27:13 2020

Packages were changed.
Update Mode: updateDependencies

The following packages were updated:
  com.unity.2d.animation from version 4.2.5 to 4.2.6
  com.unity.2d.psdimporter from version 3.1.5 to 3.1.6
  com.unity.2d.spriteshape from version 4.1.3 to 4.1.4
  com.unity.ide.visualstudio from version 2.0.2 to 2.0.3
  com.unity.ide.vscode from version 1.2.1 to 1.2.3
  com.unity.test-framework from version 1.1.16 to 1.1.18

=== Sat Dec 12 06:28:35 2020

Packages were changed.
Update Mode: updateDependencies

The following packages were updated:
  com.unity.ide.visualstudio from version 2.0.3 to 2.0.5
  com.unity.test-framework from version 1.1.18 to 1.1.19

=== Wed Feb 10 22:22:58 2021

Packages were changed.
Update Mode: updateDependencies

The following packages were updated:
  com.unity.2d.animation from version 4.2.6 to 5.0.3
  com.unity.2d.pixel-perfect from version 3.0.2 to 4.0.1
  com.unity.2d.psdimporter from version 3.1.6 to 4.0.2
  com.unity.2d.spriteshape from version 4.1.4 to 5.1.0
  com.unity.ide.rider from version 1.2.1 to 2.0.7
